<?xml version="1.0" encoding="UTF-8"?>
<!-- Generated by org.testng.reporters.JUnitReportReporter -->
<testsuite hostname="mlb-blr-l-sa35" name="testNG.Parallel.Test01" tests="1" failures="0" timestamp="13 Feb 2014 10:46:52 GMT" time="24.186" errors="0">
  <testcase name="testLink" time="24.186" classname="testNG.Parallel.Test01"/>
</testsuite> <!-- testNG.Parallel.Test01 -->
