<?xml version="1.0" encoding="UTF-8"?>
<!-- Generated by org.testng.reporters.JUnitReportReporter -->
<testsuite hostname="mlb-blr-l-sa35" name="testNG.Parallel.NewTest" tests="1" failures="0" timestamp="5 Feb 2014 16:08:51 GMT" time="0.004" errors="0">
  <testcase name="f" time="0.004" classname="testNG.Parallel.NewTest"/>
</testsuite> <!-- testNG.Parallel.NewTest -->
