<?xml version="1.0" encoding="UTF-8"?>
<!-- Generated by org.testng.reporters.JUnitReportReporter -->
<testsuite hostname="mlb-blr-l-sa35" name="Test.Test2" tests="1" failures="0" timestamp="5 Feb 2014 16:08:51 GMT" time="8.711" errors="0">
  <testcase name="T1" time="8.711" classname="Test.Test2"/>
</testsuite> <!-- Test.Test2 -->
