<?xml version="1.0" encoding="UTF-8"?>
<!-- Generated by org.testng.reporters.JUnitReportReporter -->
<testsuite hostname="mlb-blr-l-sa35" name="testNG.Parallel.Test03" tests="1" failures="0" timestamp="13 Feb 2014 10:45:59 GMT" time="38.252" errors="0">
  <testcase name="testLink" time="38.252" classname="testNG.Parallel.Test03"/>
</testsuite> <!-- testNG.Parallel.Test03 -->
