<?xml version="1.0" encoding="UTF-8"?>
<!-- Generated by org.testng.reporters.JUnitReportReporter -->
<testsuite hostname="mlb-blr-l-sa35" name="testNG.Parallel.Test04" tests="1" failures="0" timestamp="13 Feb 2014 10:45:59 GMT" time="20.993" errors="0">
  <testcase name="testLink" time="20.993" classname="testNG.Parallel.Test04"/>
</testsuite> <!-- testNG.Parallel.Test04 -->
