<?xml version="1.0" encoding="UTF-8"?>
<!-- Generated by org.testng.reporters.JUnitReportReporter -->
<testsuite hostname="mlb-blr-l-sa35" name="multiBrowser.MultiBrowserTest" tests="3" failures="0" timestamp="13 Feb 2014 10:40:56 GMT" time="45.548" errors="0">
  <testcase name="login" time="20.167" classname="multiBrowser.MultiBrowserTest"/>
  <testcase name="login" time="23.348" classname="multiBrowser.MultiBrowserTest"/>
  <testcase name="login" time="2.033" classname="multiBrowser.MultiBrowserTest"/>
</testsuite> <!-- multiBrowser.MultiBrowserTest -->
